  Determining projects to restore...
  All projects are up-to-date for restore.
C:\TastyKitchens.API\TastyKitchens.API\DTOs\UpdateFoodItemDto.cs(5,19): warning CS8618: Non-nullable property 'Name' must contain a non-null value when exiting constructor. Consider adding the 'required' modifier or declaring the property as nullable. [C:\TastyKitchens.API\TastyKitchens.API\TastyKitchens.API.csproj]
C:\TastyKitchens.API\TastyKitchens.API\DTOs\UpdateFoodItemDto.cs(7,19): warning CS8618: Non-nullable property 'ImageUrl' must contain a non-null value when exiting constructor. Consider adding the 'required' modifier or declaring the property as nullable. [C:\TastyKitchens.API\TastyKitchens.API\TastyKitchens.API.csproj]
C:\TastyKitchens.API\TastyKitchens.API\DTOs\RegisterDto.cs(5,23): warning CS8618: Non-nullable property 'Username' must contain a non-null value when exiting constructor. Consider adding the 'required' modifier or declaring the property as nullable. [C:\TastyKitchens.API\TastyKitchens.API\TastyKitchens.API.csproj]
C:\TastyKitchens.API\TastyKitchens.API\DTOs\RegisterDto.cs(6,23): warning CS8618: Non-nullable property 'Email' must contain a non-null value when exiting constructor. Consider adding the 'required' modifier or declaring the property as nullable. [C:\TastyKitchens.API\TastyKitchens.API\TastyKitchens.API.csproj]
C:\TastyKitchens.API\TastyKitchens.API\DTOs\RegisterDto.cs(7,23): warning CS8618: Non-nullable property 'Password' must contain a non-null value when exiting constructor. Consider adding the 'required' modifier or declaring the property as nullable. [C:\TastyKitchens.API\TastyKitchens.API\TastyKitchens.API.csproj]
C:\TastyKitchens.API\TastyKitchens.API\DTOs\LoginDto.cs(5,23): warning CS8618: Non-nullable property 'Email' must contain a non-null value when exiting constructor. Consider adding the 'required' modifier or declaring the property as nullable. [C:\TastyKitchens.API\TastyKitchens.API\TastyKitchens.API.csproj]
C:\TastyKitchens.API\TastyKitchens.API\DTOs\LoginDto.cs(6,23): warning CS8618: Non-nullable property 'Password' must contain a non-null value when exiting constructor. Consider adding the 'required' modifier or declaring the property as nullable. [C:\TastyKitchens.API\TastyKitchens.API\TastyKitchens.API.csproj]
C:\TastyKitchens.API\TastyKitchens.API\Models\User.cs(6,19): warning CS8618: Non-nullable property 'Username' must contain a non-null value when exiting constructor. Consider adding the 'required' modifier or declaring the property as nullable. [C:\TastyKitchens.API\TastyKitchens.API\TastyKitchens.API.csproj]
C:\TastyKitchens.API\TastyKitchens.API\Models\User.cs(7,19): warning CS8618: Non-nullable property 'Email' must contain a non-null value when exiting constructor. Consider adding the 'required' modifier or declaring the property as nullable. [C:\TastyKitchens.API\TastyKitchens.API\TastyKitchens.API.csproj]
C:\TastyKitchens.API\TastyKitchens.API\Models\User.cs(8,19): warning CS8618: Non-nullable property 'PasswordHash' must contain a non-null value when exiting constructor. Consider adding the 'required' modifier or declaring the property as nullable. [C:\TastyKitchens.API\TastyKitchens.API\TastyKitchens.API.csproj]
C:\TastyKitchens.API\TastyKitchens.API\Models\User.cs(9,19): warning CS8618: Non-nullable property 'Role' must contain a non-null value when exiting constructor. Consider adding the 'required' modifier or declaring the property as nullable. [C:\TastyKitchens.API\TastyKitchens.API\TastyKitchens.API.csproj]
C:\TastyKitchens.API\TastyKitchens.API\Controllers\OrdersController.cs(30,30): warning CS8601: Possible null reference assignment. [C:\TastyKitchens.API\TastyKitchens.API\TastyKitchens.API.csproj]
C:\TastyKitchens.API\TastyKitchens.API\DTOs\CreateFoodItemDto.cs(5,19): warning CS8618: Non-nullable property 'RestaurantId' must contain a non-null value when exiting constructor. Consider adding the 'required' modifier or declaring the property as nullable. [C:\TastyKitchens.API\TastyKitchens.API\TastyKitchens.API.csproj]
C:\TastyKitchens.API\TastyKitchens.API\DTOs\CreateFoodItemDto.cs(6,19): warning CS8618: Non-nullable property 'Name' must contain a non-null value when exiting constructor. Consider adding the 'required' modifier or declaring the property as nullable. [C:\TastyKitchens.API\TastyKitchens.API\TastyKitchens.API.csproj]
C:\TastyKitchens.API\TastyKitchens.API\DTOs\CreateFoodItemDto.cs(8,19): warning CS8618: Non-nullable property 'ImageUrl' must contain a non-null value when exiting constructor. Consider adding the 'required' modifier or declaring the property as nullable. [C:\TastyKitchens.API\TastyKitchens.API\TastyKitchens.API.csproj]
C:\TastyKitchens.API\TastyKitchens.API\Controllers\OrdersController.cs(47,50): warning CS8604: Possible null reference argument for parameter 'userId' in 'List<Order> OrderService.GetUserOrders(string userId)'. [C:\TastyKitchens.API\TastyKitchens.API\TastyKitchens.API.csproj]
C:\TastyKitchens.API\TastyKitchens.API\Services\RestaurantService.cs(18,16): warning CS8603: Possible null reference return. [C:\TastyKitchens.API\TastyKitchens.API\TastyKitchens.API.csproj]
C:\TastyKitchens.API\TastyKitchens.API\Services\FoodItemService.cs(18,16): warning CS8603: Possible null reference return. [C:\TastyKitchens.API\TastyKitchens.API\TastyKitchens.API.csproj]
C:\TastyKitchens.API\TastyKitchens.API\Services\AuthService.cs(13,32): warning CS8603: Possible null reference return. [C:\TastyKitchens.API\TastyKitchens.API\TastyKitchens.API.csproj]
C:\TastyKitchens.API\TastyKitchens.API\Services\AuthService.cs(37,38): warning CS8603: Possible null reference return. [C:\TastyKitchens.API\TastyKitchens.API\TastyKitchens.API.csproj]
C:\TastyKitchens.API\TastyKitchens.API\Services\AuthService.cs(40,32): warning CS8603: Possible null reference return. [C:\TastyKitchens.API\TastyKitchens.API\TastyKitchens.API.csproj]
C:\TastyKitchens.API\TastyKitchens.API\Services\FoodItemService.cs(48,20): warning CS8603: Possible null reference return. [C:\TastyKitchens.API\TastyKitchens.API\TastyKitchens.API.csproj]
C:\TastyKitchens.API\TastyKitchens.API\Services\RestaurantService.cs(57,38): warning CS8603: Possible null reference return. [C:\TastyKitchens.API\TastyKitchens.API\TastyKitchens.API.csproj]
C:\TastyKitchens.API\TastyKitchens.API\Program.cs(26,36): error CS1503: Argument 2: cannot convert from 'Microsoft.OpenApi.OpenApiSecurityRequirement' to 'System.Func<Microsoft.OpenApi.OpenApiDocument, Microsoft.OpenApi.OpenApiSecurityRequirement>' [C:\TastyKitchens.API\TastyKitchens.API\TastyKitchens.API.csproj]

Build FAILED.

C:\TastyKitchens.API\TastyKitchens.API\DTOs\UpdateFoodItemDto.cs(5,19): warning CS8618: Non-nullable property 'Name' must contain a non-null value when exiting constructor. Consider adding the 'required' modifier or declaring the property as nullable. [C:\TastyKitchens.API\TastyKitchens.API\TastyKitchens.API.csproj]
C:\TastyKitchens.API\TastyKitchens.API\DTOs\UpdateFoodItemDto.cs(7,19): warning CS8618: Non-nullable property 'ImageUrl' must contain a non-null value when exiting constructor. Consider adding the 'required' modifier or declaring the property as nullable. [C:\TastyKitchens.API\TastyKitchens.API\TastyKitchens.API.csproj]
C:\TastyKitchens.API\TastyKitchens.API\DTOs\RegisterDto.cs(5,23): warning CS8618: Non-nullable property 'Username' must contain a non-null value when exiting constructor. Consider adding the 'required' modifier or declaring the property as nullable. [C:\TastyKitchens.API\TastyKitchens.API\TastyKitchens.API.csproj]
C:\TastyKitchens.API\TastyKitchens.API\DTOs\RegisterDto.cs(6,23): warning CS8618: Non-nullable property 'Email' must contain a non-null value when exiting constructor. Consider adding the 'required' modifier or declaring the property as nullable. [C:\TastyKitchens.API\TastyKitchens.API\TastyKitchens.API.csproj]
C:\TastyKitchens.API\TastyKitchens.API\DTOs\RegisterDto.cs(7,23): warning CS8618: Non-nullable property 'Password' must contain a non-null value when exiting constructor. Consider adding the 'required' modifier or declaring the property as nullable. [C:\TastyKitchens.API\TastyKitchens.API\TastyKitchens.API.csproj]
C:\TastyKitchens.API\TastyKitchens.API\DTOs\LoginDto.cs(5,23): warning CS8618: Non-nullable property 'Email' must contain a non-null value when exiting constructor. Consider adding the 'required' modifier or declaring the property as nullable. [C:\TastyKitchens.API\TastyKitchens.API\TastyKitchens.API.csproj]
C:\TastyKitchens.API\TastyKitchens.API\DTOs\LoginDto.cs(6,23): warning CS8618: Non-nullable property 'Password' must contain a non-null value when exiting constructor. Consider adding the 'required' modifier or declaring the property as nullable. [C:\TastyKitchens.API\TastyKitchens.API\TastyKitchens.API.csproj]
C:\TastyKitchens.API\TastyKitchens.API\Models\User.cs(6,19): warning CS8618: Non-nullable property 'Username' must contain a non-null value when exiting constructor. Consider adding the 'required' modifier or declaring the property as nullable. [C:\TastyKitchens.API\TastyKitchens.API\TastyKitchens.API.csproj]
C:\TastyKitchens.API\TastyKitchens.API\Models\User.cs(7,19): warning CS8618: Non-nullable property 'Email' must contain a non-null value when exiting constructor. Consider adding the 'required' modifier or declaring the property as nullable. [C:\TastyKitchens.API\TastyKitchens.API\TastyKitchens.API.csproj]
C:\TastyKitchens.API\TastyKitchens.API\Models\User.cs(8,19): warning CS8618: Non-nullable property 'PasswordHash' must contain a non-null value when exiting constructor. Consider adding the 'required' modifier or declaring the property as nullable. [C:\TastyKitchens.API\TastyKitchens.API\TastyKitchens.API.csproj]
C:\TastyKitchens.API\TastyKitchens.API\Models\User.cs(9,19): warning CS8618: Non-nullable property 'Role' must contain a non-null value when exiting constructor. Consider adding the 'required' modifier or declaring the property as nullable. [C:\TastyKitchens.API\TastyKitchens.API\TastyKitchens.API.csproj]
C:\TastyKitchens.API\TastyKitchens.API\Controllers\OrdersController.cs(30,30): warning CS8601: Possible null reference assignment. [C:\TastyKitchens.API\TastyKitchens.API\TastyKitchens.API.csproj]
C:\TastyKitchens.API\TastyKitchens.API\DTOs\CreateFoodItemDto.cs(5,19): warning CS8618: Non-nullable property 'RestaurantId' must contain a non-null value when exiting constructor. Consider adding the 'required' modifier or declaring the property as nullable. [C:\TastyKitchens.API\TastyKitchens.API\TastyKitchens.API.csproj]
C:\TastyKitchens.API\TastyKitchens.API\DTOs\CreateFoodItemDto.cs(6,19): warning CS8618: Non-nullable property 'Name' must contain a non-null value when exiting constructor. Consider adding the 'required' modifier or declaring the property as nullable. [C:\TastyKitchens.API\TastyKitchens.API\TastyKitchens.API.csproj]
C:\TastyKitchens.API\TastyKitchens.API\DTOs\CreateFoodItemDto.cs(8,19): warning CS8618: Non-nullable property 'ImageUrl' must contain a non-null value when exiting constructor. Consider adding the 'required' modifier or declaring the property as nullable. [C:\TastyKitchens.API\TastyKitchens.API\TastyKitchens.API.csproj]
C:\TastyKitchens.API\TastyKitchens.API\Controllers\OrdersController.cs(47,50): warning CS8604: Possible null reference argument for parameter 'userId' in 'List<Order> OrderService.GetUserOrders(string userId)'. [C:\TastyKitchens.API\TastyKitchens.API\TastyKitchens.API.csproj]
C:\TastyKitchens.API\TastyKitchens.API\Services\RestaurantService.cs(18,16): warning CS8603: Possible null reference return. [C:\TastyKitchens.API\TastyKitchens.API\TastyKitchens.API.csproj]
C:\TastyKitchens.API\TastyKitchens.API\Services\FoodItemService.cs(18,16): warning CS8603: Possible null reference return. [C:\TastyKitchens.API\TastyKitchens.API\TastyKitchens.API.csproj]
C:\TastyKitchens.API\TastyKitchens.API\Services\AuthService.cs(13,32): warning CS8603: Possible null reference return. [C:\TastyKitchens.API\TastyKitchens.API\TastyKitchens.API.csproj]
C:\TastyKitchens.API\TastyKitchens.API\Services\AuthService.cs(37,38): warning CS8603: Possible null reference return. [C:\TastyKitchens.API\TastyKitchens.API\TastyKitchens.API.csproj]
C:\TastyKitchens.API\TastyKitchens.API\Services\AuthService.cs(40,32): warning CS8603: Possible null reference return. [C:\TastyKitchens.API\TastyKitchens.API\TastyKitchens.API.csproj]
C:\TastyKitchens.API\TastyKitchens.API\Services\FoodItemService.cs(48,20): warning CS8603: Possible null reference return. [C:\TastyKitchens.API\TastyKitchens.API\TastyKitchens.API.csproj]
C:\TastyKitchens.API\TastyKitchens.API\Services\RestaurantService.cs(57,38): warning CS8603: Possible null reference return. [C:\TastyKitchens.API\TastyKitchens.API\TastyKitchens.API.csproj]
C:\TastyKitchens.API\TastyKitchens.API\Program.cs(26,36): error CS1503: Argument 2: cannot convert from 'Microsoft.OpenApi.OpenApiSecurityRequirement' to 'System.Func<Microsoft.OpenApi.OpenApiDocument, Microsoft.OpenApi.OpenApiSecurityRequirement>' [C:\TastyKitchens.API\TastyKitchens.API\TastyKitchens.API.csproj]
    23 Warning(s)
    1 Error(s)

Time Elapsed 00:00:01.50
